<?xml version="1.0" encoding="UTF-8"?>
<!-- Generated by org.testng.reporters.JUnitReportReporter -->
<testsuite skipped="0" hostname="LAPTOP-KKU6G5Q2" name="com.testng.Automation_Testng" tests="4" failures="0" timestamp="2021-11-29T21:30:35 IST" time="34.724" errors="0">
  <testcase name="home_Page" time="7.668" classname="com.testng.Automation_Testng"/>
  <system-out/>
  <testcase name="women" time="17.741" classname="com.testng.Automation_Testng"/>
  <system-out/>
  <testcase name="login" time="4.430" classname="com.testng.Automation_Testng"/>
  <system-out/>
  <testcase name="summary_Order" time="4.885" classname="com.testng.Automation_Testng"/>
  <system-out/>
</testsuite> <!-- com.testng.Automation_Testng -->
