<?xml version="1.0" encoding="UTF-8"?>
<!-- Generated by org.testng.reporters.JUnitReportReporter -->
<testsuite skipped="1" hostname="LAPTOP-KKU6G5Q2" name="com.testng.Simple_Annotation" tests="6" failures="0" timestamp="2021-11-29T19:59:39 IST" time="0.084" errors="0">
  <testcase name="trouser" time="0.006" classname="com.testng.Simple_Annotation"/>
  <system-out/>
  <testcase name="women" time="0.004" classname="com.testng.Simple_Annotation"/>
  <system-out/>
  <testcase name="men" time="0.006" classname="com.testng.Simple_Annotation"/>
  <system-out/>
  <testcase name="mshirt" time="0.004" classname="com.testng.Simple_Annotation"/>
  <system-out/>
  <testcase name="log4j" time="0.064" classname="com.testng.Simple_Annotation"/>
  <system-out/>
  <testcase name="dresses" classname="com.testng.Simple_Annotation">
    <skipped/>
  </testcase> <!-- dresses -->
  <system-out/>
</testsuite> <!-- com.testng.Simple_Annotation -->
