<?xml version="1.0" encoding="UTF-8"?>
<!-- Generated by org.testng.reporters.JUnitReportReporter -->
<testsuite skipped="0" hostname="LAPTOP-KKU6G5Q2" name="com.testng.Parameterized" tests="3" failures="0" timestamp="2021-11-29T19:59:39 IST" time="0.011" errors="0">
  <testcase name="printName" time="0.007" classname="com.testng.Parameterized"/>
  <system-out/>
  <testcase name="login" time="0.002" classname="com.testng.Parameterized"/>
  <system-out/>
  <testcase name="printPwrd" time="0.002" classname="com.testng.Parameterized"/>
  <system-out/>
</testsuite> <!-- com.testng.Parameterized -->
